{
  "stats": {
    "suites": 1,
    "tests": 1,
    "passes": 1,
    "pending": 0,
    "failures": 0,
    "start": "2023-02-15T16:43:43.528Z",
    "end": "2023-02-15T16:43:47.464Z",
    "duration": 3903,
    "testsRegistered": 1,
    "passPercent": 100,
    "pendingPercent": 0,
    "other": 0,
    "hasOther": false,
    "skipped": 0,
    "hasSkipped": false
  },
  "results": [
    {
      "uuid": "cbcc3c89-c3d4-43dc-9563-7f95b0a0aef4",
      "title": "",
      "fullFile": "cypress/e2e/login.cy.js",
      "file": "cypress/e2e/login.cy.js",
      "beforeHooks": [],
      "afterHooks": [],
      "tests": [],
      "suites": [
        {
          "uuid": "0f2e67c9-47a2-4e72-83d1-8227304870af",
          "title": "AQA internship login app tetsing",
          "fullFile": "",
          "file": "",
          "beforeHooks": [],
          "afterHooks": [],
          "tests": [
            {
              "title": "Should try to login with invalid credentials",
              "fullTitle": "AQA internship login app tetsing Should try to login with invalid credentials",
              "timedOut": null,
              "duration": 3903,
              "state": "passed",
              "speed": "fast",
              "pass": true,
              "fail": false,
              "pending": false,
              "context": null,
              "code": "_LoginPage.default.login(\"Admin\", \"Admin123\");",
              "err": {},
              "uuid": "794d5a00-0c18-434a-94f6-a82784685ddf",
              "parentUUID": "0f2e67c9-47a2-4e72-83d1-8227304870af",
              "isHook": false,
              "skipped": false
            }
          ],
          "suites": [],
          "passes": [
            "794d5a00-0c18-434a-94f6-a82784685ddf"
          ],
          "failures": [],
          "pending": [],
          "skipped": [],
          "duration": 3903,
          "root": false,
          "rootEmpty": false,
          "_timeout": 2000
        }
      ],
      "passes": [],
      "failures": [],
      "pending": [],
      "skipped": [],
      "duration": 0,
      "root": true,
      "rootEmpty": true,
      "_timeout": 2000
    }
  ],
  "meta": {
    "mocha": {
      "version": "7.0.1"
    },
    "mochawesome": {
      "options": {
        "quiet": false,
        "reportFilename": "mochawesome",
        "saveHtml": false,
        "saveJson": true,
        "consoleReporter": "spec",
        "useInlineDiffs": false,
        "code": true
      },
      "version": "7.1.3"
    },
    "marge": {
      "options": {
        "id": "default",
        "reportDir": "cypress/results/mochawesome",
        "quite": true,
        "overwrite": false,
        "html": false,
        "json": true
      },
      "version": "6.2.0"
    }
  }
}